INFO:sqlalchemy.engine.base.Engine:select version()
INFO:sqlalchemy.engine.base.Engine:{}
INFO:sqlalchemy.engine.base.Engine:select current_schema()
INFO:sqlalchemy.engine.base.Engine:{}
INFO:sqlalchemy.engine.base.Engine:SELECT CAST('test plain returns' AS VARCHAR(60)) AS anon_1
INFO:sqlalchemy.engine.base.Engine:{}
INFO:sqlalchemy.engine.base.Engine:SELECT CAST('test unicode returns' AS VARCHAR(60)) AS anon_1
INFO:sqlalchemy.engine.base.Engine:{}
INFO:sqlalchemy.engine.base.Engine:show standard_conforming_strings
INFO:sqlalchemy.engine.base.Engine:{}
INFO:sqlalchemy.engine.base.Engine:select relname from pg_class c join pg_namespace n on n.oid=c.relnamespace where pg_catalog.pg_table_is_visible(c.oid) and relname=%(name)s
INFO:sqlalchemy.engine.base.Engine:{'name': 'tbl_data'}
INFO:sqlalchemy.engine.base.Engine:select relname from pg_class c join pg_namespace n on n.oid=c.relnamespace where pg_catalog.pg_table_is_visible(c.oid) and relname=%(name)s
INFO:sqlalchemy.engine.base.Engine:{'name': 'tbl_data'}
INFO:sqlalchemy.engine.base.Engine:SELECT c.relname FROM pg_class c JOIN pg_namespace n ON n.oid = c.relnamespace WHERE n.nspname = %(schema)s AND c.relkind in ('r', 'p')
INFO:sqlalchemy.engine.base.Engine:{'schema': 'public'}
INFO:sqlalchemy.engine.base.Engine:
            SELECT c.oid
            FROM pg_catalog.pg_class c
            LEFT JOIN pg_catalog.pg_namespace n ON n.oid = c.relnamespace
            WHERE (pg_catalog.pg_table_is_visible(c.oid))
            AND c.relname = %(table_name)s AND c.relkind in
            ('r', 'v', 'm', 'f', 'p')
        
INFO:sqlalchemy.engine.base.Engine:{'table_name': 'tbl_data'}
INFO:sqlalchemy.engine.base.Engine:
            SELECT a.attname,
              pg_catalog.format_type(a.atttypid, a.atttypmod),
              (SELECT pg_catalog.pg_get_expr(d.adbin, d.adrelid)
                FROM pg_catalog.pg_attrdef d
               WHERE d.adrelid = a.attrelid AND d.adnum = a.attnum
               AND a.atthasdef)
              AS DEFAULT,
              a.attnotnull, a.attnum, a.attrelid as table_oid,
              pgd.description as comment,
              NULL as generated
            FROM pg_catalog.pg_attribute a
            LEFT JOIN pg_catalog.pg_description pgd ON (
                pgd.objoid = a.attrelid AND pgd.objsubid = a.attnum)
            WHERE a.attrelid = %(table_oid)s
            AND a.attnum > 0 AND NOT a.attisdropped
            ORDER BY a.attnum
        
INFO:sqlalchemy.engine.base.Engine:{'table_oid': 16461}
INFO:sqlalchemy.engine.base.Engine:
            SELECT t.typname as "name",
               pg_catalog.format_type(t.typbasetype, t.typtypmod) as "attype",
               not t.typnotnull as "nullable",
               t.typdefault as "default",
               pg_catalog.pg_type_is_visible(t.oid) as "visible",
               n.nspname as "schema"
            FROM pg_catalog.pg_type t
               LEFT JOIN pg_catalog.pg_namespace n ON n.oid = t.typnamespace
            WHERE t.typtype = 'd'
        
INFO:sqlalchemy.engine.base.Engine:{}
INFO:sqlalchemy.engine.base.Engine:
            SELECT t.typname as "name",
               -- no enum defaults in 8.4 at least
               -- t.typdefault as "default",
               pg_catalog.pg_type_is_visible(t.oid) as "visible",
               n.nspname as "schema",
               e.enumlabel as "label"
            FROM pg_catalog.pg_type t
                 LEFT JOIN pg_catalog.pg_namespace n ON n.oid = t.typnamespace
                 LEFT JOIN pg_catalog.pg_enum e ON t.oid = e.enumtypid
            WHERE t.typtype = 'e'
        ORDER BY "schema", "name", e.oid
INFO:sqlalchemy.engine.base.Engine:{}
INFO:sqlalchemy.engine.base.Engine:
                SELECT a.attname
                FROM pg_attribute a JOIN (
                    SELECT unnest(ix.indkey) attnum,
                           generate_subscripts(ix.indkey, 1) ord
                    FROM pg_index ix
                    WHERE ix.indrelid = %(table_oid)s AND ix.indisprimary
                    ) k ON a.attnum=k.attnum
                WHERE a.attrelid = %(table_oid)s
                ORDER BY k.ord
            
INFO:sqlalchemy.engine.base.Engine:{'table_oid': 16461}
INFO:sqlalchemy.engine.base.Engine:
        SELECT conname
           FROM  pg_catalog.pg_constraint r
           WHERE r.conrelid = %(table_oid)s AND r.contype = 'p'
           ORDER BY 1
        
INFO:sqlalchemy.engine.base.Engine:{'table_oid': 16461}
INFO:sqlalchemy.engine.base.Engine:
          SELECT r.conname,
                pg_catalog.pg_get_constraintdef(r.oid, true) as condef,
                n.nspname as conschema
          FROM  pg_catalog.pg_constraint r,
                pg_namespace n,
                pg_class c

          WHERE r.conrelid = %(table)s AND
                r.contype = 'f' AND
                c.oid = confrelid AND
                n.oid = c.relnamespace
          ORDER BY 1
        
INFO:sqlalchemy.engine.base.Engine:{'table': 16461}
INFO:sqlalchemy.engine.base.Engine:
              SELECT
                  i.relname as relname,
                  ix.indisunique, ix.indexprs, ix.indpred,
                  a.attname, a.attnum, c.conrelid, ix.indkey::varchar,
                  ix.indoption::varchar, i.reloptions, am.amname,
                  NULL as indnkeyatts
              FROM
                  pg_class t
                        join pg_index ix on t.oid = ix.indrelid
                        join pg_class i on i.oid = ix.indexrelid
                        left outer join
                            pg_attribute a
                            on t.oid = a.attrelid and a.attnum = ANY(ix.indkey)
                        left outer join
                            pg_constraint c
                            on (ix.indrelid = c.conrelid and
                                ix.indexrelid = c.conindid and
                                c.contype in ('p', 'u', 'x'))
                        left outer join
                            pg_am am
                            on i.relam = am.oid
              WHERE
                  t.relkind IN ('r', 'v', 'f', 'm', 'p')
                  and t.oid = %(table_oid)s
                  and ix.indisprimary = 'f'
              ORDER BY
                  t.relname,
                  i.relname
            
INFO:sqlalchemy.engine.base.Engine:{'table_oid': 16461}
INFO:sqlalchemy.engine.base.Engine:
            SELECT
                cons.conname as name,
                cons.conkey as key,
                a.attnum as col_num,
                a.attname as col_name
            FROM
                pg_catalog.pg_constraint cons
                join pg_attribute a
                  on cons.conrelid = a.attrelid AND
                    a.attnum = ANY(cons.conkey)
            WHERE
                cons.conrelid = %(table_oid)s AND
                cons.contype = 'u'
        
INFO:sqlalchemy.engine.base.Engine:{'table_oid': 16461}
INFO:sqlalchemy.engine.base.Engine:
            SELECT
                cons.conname as name,
                pg_get_constraintdef(cons.oid) as src
            FROM
                pg_catalog.pg_constraint cons
            WHERE
                cons.conrelid = %(table_oid)s AND
                cons.contype = 'c'
        
INFO:sqlalchemy.engine.base.Engine:{'table_oid': 16461}
INFO:sqlalchemy.engine.base.Engine:
            SELECT
                pgd.description as table_comment
            FROM
                pg_catalog.pg_description pgd
            WHERE
                pgd.objsubid = 0 AND
                pgd.objoid = %(table_oid)s
        
INFO:sqlalchemy.engine.base.Engine:{'table_oid': 16461}
INFO:sqlalchemy.engine.base.Engine:
DROP TABLE tbl_data
INFO:sqlalchemy.engine.base.Engine:{}
INFO:sqlalchemy.engine.base.Engine:COMMIT
INFO:sqlalchemy.engine.base.Engine:
CREATE TABLE tbl_data (
	index BIGINT, 
	"Cod_Loc" BIGINT, 
	"IdProvincia" BIGINT, 
	"IdDepartamento" BIGINT, 
	categoria TEXT, 
	provincia TEXT, 
	localidad TEXT, 
	nombre TEXT, 
	direccion TEXT, 
	"CP" TEXT, 
	telefono TEXT, 
	"Mail" TEXT, 
	"Web" TEXT
)


INFO:sqlalchemy.engine.base.Engine:{}
INFO:sqlalchemy.engine.base.Engine:COMMIT
INFO:sqlalchemy.engine.base.Engine:CREATE INDEX ix_tbl_data_index ON tbl_data (index)
INFO:sqlalchemy.engine.base.Engine:{}
INFO:sqlalchemy.engine.base.Engine:COMMIT
INFO:sqlalchemy.engine.base.Engine:BEGIN (implicit)
INFO:sqlalchemy.engine.base.Engine:INSERT INTO tbl_data (index, "Cod_Loc", "IdProvincia", "IdDepartamento", categoria, provincia, localidad, nombre, direccion, "CP", telefono, "Mail", "Web") VALUES (%(index)s, %(Cod_Loc)s, %(IdProvincia)s, %(IdDepartamento)s, %(categoria)s, %(provincia)s, %(localidad)s, %(nombre)s, %(direccion)s, %(CP)s, %(telefono)s, %(Mail)s, %(Web)s)
INFO:sqlalchemy.engine.base.Engine:({'index': 0, 'Cod_Loc': 6588100, 'IdProvincia': 6, 'IdDepartamento': 6588, 'categoria': 'Espacios de Exhibición Patrimonial', 'provincia': 'Buenos Aires', 'localidad': '9 de Julio', 'nombre': 'Archivo Y Museo Histórico Gral. Julio De Vedia', 'direccion': 'Libertad 1191', 'CP': 'B6500EVL', 'telefono': '425 279', 'Mail': 'archivoymuseo@yahoo.com.ar', 'Web': 'www.portaldel9.com.ar'}, {'index': 1, 'Cod_Loc': 6077010, 'IdProvincia': 6, 'IdDepartamento': 6077, 'categoria': 'Espacios de Exhibición Patrimonial', 'provincia': 'Buenos Aires', 'localidad': 'Arrecifes', 'nombre': 'Museo Y Archivo Histórico De Arrecifes', 'direccion': 'Gerardo Risso y España', 'CP': 'B2740FMJ', 'telefono': '452 931', 'Mail': 'museoarrecifes@hotmail.com', 'Web': None}, {'index': 2, 'Cod_Loc': 6035010, 'IdProvincia': 6, 'IdDepartamento': 6035, 'categoria': 'Espacios de Exhibición Patrimonial', 'provincia': 'Buenos Aires', 'localidad': 'Avellaneda', 'nombre': 'Museo Histórico-Sacro  Hno. Rogelio Scortegagna', 'direccion': 'Calle 11 (Av. San Martín) Nº 830', 'CP': 'S3561AKT', 'telefono': '481 200', 'Mail': None, 'Web': None}, {'index': 3, 'Cod_Loc': 6035010, 'IdProvincia': 6, 'IdDepartamento': 6035, 'categoria': 'Espacios de Exhibición Patrimonial', 'provincia': 'Buenos Aires', 'localidad': 'Avellaneda', 'nombre': 'Museo Municipal De Artes Plásticas De Avellaneda', 'direccion': 'Sarmiento 101, 1 º Piso', 'CP': 'B1870CBC', 'telefono': '4205 9567', 'Mail': None, 'Web': None}, {'index': 4, 'Cod_Loc': 6049020, 'IdProvincia': 6, 'IdDepartamento': 6049, 'categoria': 'Espacios de Exhibición Patrimonial', 'provincia': 'Buenos Aires', 'localidad': 'Azul', 'nombre': 'Museo Etnográfico Y Archivo Histórico Enrique Squirru', 'direccion': 'Bartolomé J. Ronco 654', 'CP': 'B7300XAA', 'telefono': '434 811', 'Mail': 'museoazul@yahoo.com', 'Web': None}, {'index': 5, 'Cod_Loc': 6056010, 'IdProvincia': 6, 'IdDepartamento': 6056, 'categoria': 'Espacios de Exhibición Patrimonial', 'provincia': 'Buenos Aires', 'localidad': 'Bahía Blanca', 'nombre': 'Museo De Bellas Artes', 'direccion': 'Sarmiento 450', 'CP': 'B8000HQJ', 'telefono': '459 4006', 'Mail': 'mac@bblanca.com.ar', 'Web': None}, {'index': 6, 'Cod_Loc': 6056010, 'IdProvincia': 6, 'IdDepartamento': 6056, 'categoria': 'Espacios de Exhibición Patrimonial', 'provincia': 'Buenos Aires', 'localidad': 'Bahía Blanca', 'nombre': 'Museo De Ciencias', 'direccion': 'Castelli 3702', 'CP': 'B8003APV', 'telefono': '488 3266', 'Mail': None, 'Web': None}, {'index': 7, 'Cod_Loc': 6056010, 'IdProvincia': 6, 'IdDepartamento': 6056, 'categoria': 'Espacios de Exhibición Patrimonial', 'provincia': 'Buenos Aires', 'localidad': 'Bahía Blanca', 'nombre': 'Museo Y Parque Estereoscópico El Histórico Café Museo', 'direccion': 'Italia 19', 'CP': 'B8000DKA', 'telefono': '451 0675', 'Mail': None, 'Web': None}  ... displaying 10 of 3528 total bound parameter sets ...  {'index': 2015, 'Cod_Loc': 62077010, 'IdProvincia': 62, 'IdDepartamento': 62077, 'categoria': 'Bibliotecas Populares', 'provincia': 'Río Negro', 'localidad': 'Las Grutas', 'nombre': 'Cmte. Luis Piedra Buena', 'direccion': 'Villa Regina 589', 'CP': '8521', 'telefono': '497263', 'Mail': 'bibliotecalasgrutas@yahoo.com.ar, alehernandez@canaldig.com.ar', 'Web': None}, {'index': 2016, 'Cod_Loc': 62042360, 'IdProvincia': 62, 'IdDepartamento': 62042, 'categoria': 'Bibliotecas Populares', 'provincia': 'Río Negro', 'localidad': 'Catriel', 'nombre': 'José Hernández', 'direccion': 'Pampa Nº 691', 'CP': '8307', 'telefono': 's/d', 'Mail': 'biblioteca.josehernandez.catriel@live.com', 'Web': None})
INFO:sqlalchemy.engine.base.Engine:COMMIT
INFO:sqlalchemy.engine.base.Engine:select relname from pg_class c join pg_namespace n on n.oid=c.relnamespace where pg_catalog.pg_table_is_visible(c.oid) and relname=%(name)s
INFO:sqlalchemy.engine.base.Engine:{'name': 'tbl_cine'}
INFO:sqlalchemy.engine.base.Engine:select relname from pg_class c join pg_namespace n on n.oid=c.relnamespace where pg_catalog.pg_table_is_visible(c.oid) and relname=%(name)s
INFO:sqlalchemy.engine.base.Engine:{'name': 'tbl_cine'}
INFO:sqlalchemy.engine.base.Engine:SELECT c.relname FROM pg_class c JOIN pg_namespace n ON n.oid = c.relnamespace WHERE n.nspname = %(schema)s AND c.relkind in ('r', 'p')
INFO:sqlalchemy.engine.base.Engine:{'schema': 'public'}
INFO:sqlalchemy.engine.base.Engine:
            SELECT c.oid
            FROM pg_catalog.pg_class c
            LEFT JOIN pg_catalog.pg_namespace n ON n.oid = c.relnamespace
            WHERE (pg_catalog.pg_table_is_visible(c.oid))
            AND c.relname = %(table_name)s AND c.relkind in
            ('r', 'v', 'm', 'f', 'p')
        
INFO:sqlalchemy.engine.base.Engine:{'table_name': 'tbl_cine'}
INFO:sqlalchemy.engine.base.Engine:
            SELECT a.attname,
              pg_catalog.format_type(a.atttypid, a.atttypmod),
              (SELECT pg_catalog.pg_get_expr(d.adbin, d.adrelid)
                FROM pg_catalog.pg_attrdef d
               WHERE d.adrelid = a.attrelid AND d.adnum = a.attnum
               AND a.atthasdef)
              AS DEFAULT,
              a.attnotnull, a.attnum, a.attrelid as table_oid,
              pgd.description as comment,
              NULL as generated
            FROM pg_catalog.pg_attribute a
            LEFT JOIN pg_catalog.pg_description pgd ON (
                pgd.objoid = a.attrelid AND pgd.objsubid = a.attnum)
            WHERE a.attrelid = %(table_oid)s
            AND a.attnum > 0 AND NOT a.attisdropped
            ORDER BY a.attnum
        
INFO:sqlalchemy.engine.base.Engine:{'table_oid': 16468}
INFO:sqlalchemy.engine.base.Engine:
            SELECT t.typname as "name",
               pg_catalog.format_type(t.typbasetype, t.typtypmod) as "attype",
               not t.typnotnull as "nullable",
               t.typdefault as "default",
               pg_catalog.pg_type_is_visible(t.oid) as "visible",
               n.nspname as "schema"
            FROM pg_catalog.pg_type t
               LEFT JOIN pg_catalog.pg_namespace n ON n.oid = t.typnamespace
            WHERE t.typtype = 'd'
        
INFO:sqlalchemy.engine.base.Engine:{}
INFO:sqlalchemy.engine.base.Engine:
            SELECT t.typname as "name",
               -- no enum defaults in 8.4 at least
               -- t.typdefault as "default",
               pg_catalog.pg_type_is_visible(t.oid) as "visible",
               n.nspname as "schema",
               e.enumlabel as "label"
            FROM pg_catalog.pg_type t
                 LEFT JOIN pg_catalog.pg_namespace n ON n.oid = t.typnamespace
                 LEFT JOIN pg_catalog.pg_enum e ON t.oid = e.enumtypid
            WHERE t.typtype = 'e'
        ORDER BY "schema", "name", e.oid
INFO:sqlalchemy.engine.base.Engine:{}
INFO:sqlalchemy.engine.base.Engine:
                SELECT a.attname
                FROM pg_attribute a JOIN (
                    SELECT unnest(ix.indkey) attnum,
                           generate_subscripts(ix.indkey, 1) ord
                    FROM pg_index ix
                    WHERE ix.indrelid = %(table_oid)s AND ix.indisprimary
                    ) k ON a.attnum=k.attnum
                WHERE a.attrelid = %(table_oid)s
                ORDER BY k.ord
            
INFO:sqlalchemy.engine.base.Engine:{'table_oid': 16468}
INFO:sqlalchemy.engine.base.Engine:
        SELECT conname
           FROM  pg_catalog.pg_constraint r
           WHERE r.conrelid = %(table_oid)s AND r.contype = 'p'
           ORDER BY 1
        
INFO:sqlalchemy.engine.base.Engine:{'table_oid': 16468}
INFO:sqlalchemy.engine.base.Engine:
          SELECT r.conname,
                pg_catalog.pg_get_constraintdef(r.oid, true) as condef,
                n.nspname as conschema
          FROM  pg_catalog.pg_constraint r,
                pg_namespace n,
                pg_class c

          WHERE r.conrelid = %(table)s AND
                r.contype = 'f' AND
                c.oid = confrelid AND
                n.oid = c.relnamespace
          ORDER BY 1
        
INFO:sqlalchemy.engine.base.Engine:{'table': 16468}
INFO:sqlalchemy.engine.base.Engine:
              SELECT
                  i.relname as relname,
                  ix.indisunique, ix.indexprs, ix.indpred,
                  a.attname, a.attnum, c.conrelid, ix.indkey::varchar,
                  ix.indoption::varchar, i.reloptions, am.amname,
                  NULL as indnkeyatts
              FROM
                  pg_class t
                        join pg_index ix on t.oid = ix.indrelid
                        join pg_class i on i.oid = ix.indexrelid
                        left outer join
                            pg_attribute a
                            on t.oid = a.attrelid and a.attnum = ANY(ix.indkey)
                        left outer join
                            pg_constraint c
                            on (ix.indrelid = c.conrelid and
                                ix.indexrelid = c.conindid and
                                c.contype in ('p', 'u', 'x'))
                        left outer join
                            pg_am am
                            on i.relam = am.oid
              WHERE
                  t.relkind IN ('r', 'v', 'f', 'm', 'p')
                  and t.oid = %(table_oid)s
                  and ix.indisprimary = 'f'
              ORDER BY
                  t.relname,
                  i.relname
            
INFO:sqlalchemy.engine.base.Engine:{'table_oid': 16468}
INFO:sqlalchemy.engine.base.Engine:
            SELECT
                cons.conname as name,
                cons.conkey as key,
                a.attnum as col_num,
                a.attname as col_name
            FROM
                pg_catalog.pg_constraint cons
                join pg_attribute a
                  on cons.conrelid = a.attrelid AND
                    a.attnum = ANY(cons.conkey)
            WHERE
                cons.conrelid = %(table_oid)s AND
                cons.contype = 'u'
        
INFO:sqlalchemy.engine.base.Engine:{'table_oid': 16468}
INFO:sqlalchemy.engine.base.Engine:
            SELECT
                cons.conname as name,
                pg_get_constraintdef(cons.oid) as src
            FROM
                pg_catalog.pg_constraint cons
            WHERE
                cons.conrelid = %(table_oid)s AND
                cons.contype = 'c'
        
INFO:sqlalchemy.engine.base.Engine:{'table_oid': 16468}
INFO:sqlalchemy.engine.base.Engine:
            SELECT
                pgd.description as table_comment
            FROM
                pg_catalog.pg_description pgd
            WHERE
                pgd.objsubid = 0 AND
                pgd.objoid = %(table_oid)s
        
INFO:sqlalchemy.engine.base.Engine:{'table_oid': 16468}
INFO:sqlalchemy.engine.base.Engine:
DROP TABLE tbl_cine
INFO:sqlalchemy.engine.base.Engine:{}
INFO:sqlalchemy.engine.base.Engine:COMMIT
INFO:sqlalchemy.engine.base.Engine:
CREATE TABLE tbl_cine (
	index BIGINT, 
	"Cod_Loc" BIGINT, 
	"IdProvincia" BIGINT, 
	"IdDepartamento" BIGINT, 
	"Observaciones" FLOAT(53), 
	categoria TEXT, 
	provincia TEXT, 
	"Departamento" TEXT, 
	localidad TEXT, 
	nombre TEXT, 
	direccion TEXT, 
	"Piso" TEXT, 
	"CP" BIGINT, 
	cod_area TEXT, 
	telefono TEXT, 
	"Mail" TEXT, 
	"Web" TEXT, 
	"Información adicional" FLOAT(53), 
	"Latitud" FLOAT(53), 
	"Longitud" FLOAT(53), 
	"TipoLatitudLongitud" TEXT, 
	"Fuente" TEXT, 
	tipo_gestion TEXT, 
	"Pantallas" BIGINT, 
	"Butacas" BIGINT, 
	"espacio_INCAA" TEXT, 
	"año_actualizacion" BIGINT
)


INFO:sqlalchemy.engine.base.Engine:{}
INFO:sqlalchemy.engine.base.Engine:COMMIT
INFO:sqlalchemy.engine.base.Engine:CREATE INDEX ix_tbl_cine_index ON tbl_cine (index)
INFO:sqlalchemy.engine.base.Engine:{}
INFO:sqlalchemy.engine.base.Engine:COMMIT
INFO:sqlalchemy.engine.base.Engine:BEGIN (implicit)
INFO:sqlalchemy.engine.base.Engine:INSERT INTO tbl_cine (index, "Cod_Loc", "IdProvincia", "IdDepartamento", "Observaciones", categoria, provincia, "Departamento", localidad, nombre, direccion, "Piso", "CP", cod_area, telefono, "Mail", "Web", "Información adicional", "Latitud", "Longitud", "TipoLatitudLongitud", "Fuente", tipo_gestion, "Pantallas", "Butacas", "espacio_INCAA", "año_actualizacion") VALUES (%(index)s, %(Cod_Loc)s, %(IdProvincia)s, %(IdDepartamento)s, %(Observaciones)s, %(categoria)s, %(provincia)s, %(Departamento)s, %(localidad)s, %(nombre)s, %(direccion)s, %(Piso)s, %(CP)s, %(cod_area)s, %(telefono)s, %(Mail)s, %(Web)s, %(Información adicional)s, %(Latitud)s, %(Longitud)s, %(TipoLatitudLongitud)s, %(Fuente)s, %(tipo_gestion)s, %(Pantallas)s, %(Butacas)s, %(espacio_INCAA)s, %(año_actualizacion)s)
INFO:sqlalchemy.engine.base.Engine:({'index': 0, 'Cod_Loc': 10049030, 'IdProvincia': 10, 'IdDepartamento': 10049, 'Observaciones': None, 'categoria': 'Salas de cine', 'provincia': 'Catamarca', 'Departamento': 'Capital', 'localidad': 'Catamarca', 'nombre': 'Cinemacenter', 'direccion': 'Intendente Mamerto Medina 220', 'Piso': 's/d', 'CP': 4700, 'cod_area': 's/d', 'telefono': 's/d', 'Mail': 's/d', 'Web': 'http://www.cinemacenter.com.ar/', 'Información adicional': None, 'Latitud': -28.464737, 'Longitud': -65.800675, 'TipoLatitudLongitud': 'Localización precisa', 'Fuente': 'INCAA / SInCA', 'tipo_gestion': 'Privado comercial', 'Pantallas': 5, 'Butacas': 743, 'espacio_INCAA': None, 'año_actualizacion': 2018}, {'index': 1, 'Cod_Loc': 10091150, 'IdProvincia': 10, 'IdDepartamento': 10091, 'Observaciones': None, 'categoria': 'Salas de cine', 'provincia': 'Catamarca', 'Departamento': 'Santa Maria', 'localidad': 'Santa María', 'nombre': 'Centro Cultural San Agustín', 'direccion': 'San Martin 173', 'Piso': 's/d', 'CP': 4139, 'cod_area': '3838', 'telefono': '421511', 'Mail': 's/d', 'Web': 's/d', 'Información adicional': None, 'Latitud': -26.693859, 'Longitud': -66.049058, 'TipoLatitudLongitud': 'Localización precisa', 'Fuente': 'INCAA / SInCA', 'tipo_gestion': 'Privado comercial', 'Pantallas': 1, 'Butacas': 440, 'espacio_INCAA': '0', 'año_actualizacion': 2018}, {'index': 2, 'Cod_Loc': 22140060, 'IdProvincia': 22, 'IdDepartamento': 22140, 'Observaciones': None, 'categoria': 'Salas de cine', 'provincia': 'Chaco', 'Departamento': 'San Fernando', 'localidad': 'Resistencia', 'nombre': 'Los Cines De La Costa', 'direccion': 'Av. Sarmiento 2600', 'Piso': 's/d', 'CP': 3500, 'cod_area': '3794', 'telefono': '472200', 'Mail': 'administracion@loscinesdelacosta.com.ar', 'Web': 'http://resistencia.loscinesdelacosta.com.ar/', 'Información adicional': None, 'Latitud': -27.430995, 'Longitud': -58.962672, 'TipoLatitudLongitud': 'Localización precisa', 'Fuente': 'INCAA / SInCA', 'tipo_gestion': 'Privado comercial', 'Pantallas': 5, 'Butacas': 820, 'espacio_INCAA': None, 'año_actualizacion': 2018}, {'index': 3, 'Cod_Loc': 26091020, 'IdProvincia': 26, 'IdDepartamento': 26091, 'Observaciones': None, 'categoria': 'Salas de cine', 'provincia': 'Chubut', 'Departamento': 'Sarmiento', 'localidad': 'Sarmiento', 'nombre': 'Deborah Jones De Williams', 'direccion': 'Reg. Inf. Mec. 25 Esquina 20 De Junio', 'Piso': 's/d', 'CP': 9020, 'cod_area': '297', 'telefono': '4897169', 'Mail': 'culturasarmiento@hotmail.com', 'Web': 'http://www.culturachubut.gob.ar/…/convo-evita-culturales.ht…', 'Información adicional': None, 'Latitud': -45.594374, 'Longitud': -69.069594, 'TipoLatitudLongitud': 'Localización precisa', 'Fuente': 'INCAA / SInCA', 'tipo_gestion': 'Público municipal', 'Pantallas': 1, 'Butacas': 80, 'espacio_INCAA': None, 'año_actualizacion': 2018}, {'index': 4, 'Cod_Loc': 18007010, 'IdProvincia': 18, 'IdDepartamento': 18007, 'Observaciones': None, 'categoria': 'Salas de cine', 'provincia': 'Corrientes', 'Departamento': 'Bella Vista', 'localidad': 'Bella Vista', 'nombre': 'Fantasio', 'direccion': 'Salta 1059', 'Piso': 's/d', 'CP': 3432, 'cod_area': 's/d', 'telefono': 's/d', 'Mail': 'nuevocineteatrorex@gmail.com', 'Web': 'https://www.facebook.com/CineFantasioBellaVista/', 'Información adicional': None, 'Latitud': -28.508494, 'Longitud': -59.045464, 'TipoLatitudLongitud': 'Localización precisa', 'Fuente': 'INCAA / SInCA', 'tipo_gestion': 'Privado comercial', 'Pantallas': 1, 'Butacas': 240, 'espacio_INCAA': None, 'año_actualizacion': 2018}, {'index': 5, 'Cod_Loc': 30056070, 'IdProvincia': 30, 'IdDepartamento': 30056, 'Observaciones': None, 'categoria': 'Salas de cine', 'provincia': 'Entre Ríos', 'Departamento': 'Gualeguaychu', 'localidad': 'Gualeguaychú', 'nombre': 'Cinema Gualeguaychú', 'direccion': '25 De Mayo 1383', 'Piso': 's/d', 'CP': 2820, 'cod_area': '263', 'telefono': '4553653', 'Mail': 'cebriancine@gmail.com', 'Web': 'http://cinemagualeguaychu.com', 'Información adicional': None, 'Latitud': -33.009937, 'Longitud': -58.525474, 'TipoLatitudLongitud': 'Localización precisa', 'Fuente': 'INCAA / SInCA', 'tipo_gestion': 'Privado comercial', 'Pantallas': 1, 'Butacas': 330, 'espacio_INCAA': None, 'año_actualizacion': 2018}, {'index': 6, 'Cod_Loc': 30084070, 'IdProvincia': 30, 'IdDepartamento': 30084, 'Observaciones': None, 'categoria': 'Salas de cine', 'provincia': 'Entre Ríos', 'Departamento': 'Parana', 'localidad': 'Crespo', 'nombre': 'Salón Teatro Municipal', 'direccion': '25 De Mayo 943', 'Piso': 's/d', 'CP': 3116, 'cod_area': '343', 'telefono': '4951160', 'Mail': 'municres@gmail.com', 'Web': 'http://www.crespo.gov.ar', 'Información adicional': None, 'Latitud': -32.031231, 'Longitud': -60.305828, 'TipoLatitudLongitud': 'Localización precisa', 'Fuente': 'INCAA / SInCA', 'tipo_gestion': 'Público municipal', 'Pantallas': 1, 'Butacas': 180, 'espacio_INCAA': None, 'año_actualizacion': 2018}, {'index': 7, 'Cod_Loc': 30028010, 'IdProvincia': 30, 'IdDepartamento': 30028, 'Observaciones': None, 'categoria': 'Salas de cine', 'provincia': 'Entre Ríos', 'Departamento': 'Federacion', 'localidad': 'Chajarí', 'nombre': 'Cine Gran Libertad', 'direccion': '3 De Febrero 3060', 'Piso': 's/d', 'CP': 3228, 'cod_area': '11', 'telefono': '49899707', 'Mail': 'gerenciagranlibertad@gmail.com', 'Web': 'http://cinegranlibertad.com/sala/gran-libertad/alias/chaj', 'Información adicional': None, 'Latitud': -30.759415, 'Longitud': -57.984929, 'TipoLatitudLongitud': 'Localización precisa', 'Fuente': 'INCAA / SInCA', 'tipo_gestion': 'Privado comercial', 'Pantallas': 1, 'Butacas': 400, 'espacio_INCAA': None, 'año_actualizacion': 2018}  ... displaying 10 of 329 total bound parameter sets ...  {'index': 327, 'Cod_Loc': 10049030, 'IdProvincia': 10, 'IdDepartamento': 10049, 'Observaciones': None, 'categoria': 'Salas de cine', 'provincia': 'Catamarca', 'Departamento': 'Capital', 'localidad': 'Catamarca', 'nombre': 'Cine Teatro Catamarca', 'direccion': 'San Martín 555', 'Piso': 's/d', 'CP': 4700, 'cod_area': '383', 'telefono': '4439129', 'Mail': 's/d', 'Web': 'http://www.turismo.catamarca.gob.ar/?vh_accommodation=teatros-en-sfvc/cine-teatro-catamarca', 'Información adicional': None, 'Latitud': -28.469709, 'Longitud': -65.778881, 'TipoLatitudLongitud': 'Localización precisa', 'Fuente': 'INCAA / SInCA', 'tipo_gestion': 'Público municipal', 'Pantallas': 1, 'Butacas': 1103, 'espacio_INCAA': 'si', 'año_actualizacion': 2018}, {'index': 328, 'Cod_Loc': 6427010, 'IdProvincia': 6, 'IdDepartamento': 6427, 'Observaciones': None, 'categoria': 'Salas de cine', 'provincia': 'Buenos Aires', 'Departamento': 'La Matanza', 'localidad': 'San Justo', 'nombre': 'Espacio INCAA Km 16 La Matanza ', 'direccion': 'Av. Illia 2340', 'Piso': 's/d', 'CP': 1754, 'cod_area': '11', 'telefono': '35316634', 'Mail': 'info@ccvb.org.ar\n', 'Web': 'http://www.ccvb.org.ar/cinespecioincaa.html', 'Información adicional': None, 'Latitud': -34.674824, 'Longitud': -58.562913, 'TipoLatitudLongitud': 'Localización precisa', 'Fuente': 'INCAA / SInCA', 'tipo_gestion': 'Privado independiente', 'Pantallas': 1, 'Butacas': 390, 'espacio_INCAA': 'SI', 'año_actualizacion': 2018})
INFO:sqlalchemy.engine.base.Engine:COMMIT
INFO:sqlalchemy.engine.base.Engine:select relname from pg_class c join pg_namespace n on n.oid=c.relnamespace where pg_catalog.pg_table_is_visible(c.oid) and relname=%(name)s
INFO:sqlalchemy.engine.base.Engine:{'name': 'tbl_resumen_cine'}
INFO:sqlalchemy.engine.base.Engine:select relname from pg_class c join pg_namespace n on n.oid=c.relnamespace where pg_catalog.pg_table_is_visible(c.oid) and relname=%(name)s
INFO:sqlalchemy.engine.base.Engine:{'name': 'tbl_resumen_cine'}
INFO:sqlalchemy.engine.base.Engine:SELECT c.relname FROM pg_class c JOIN pg_namespace n ON n.oid = c.relnamespace WHERE n.nspname = %(schema)s AND c.relkind in ('r', 'p')
INFO:sqlalchemy.engine.base.Engine:{'schema': 'public'}
INFO:sqlalchemy.engine.base.Engine:
            SELECT c.oid
            FROM pg_catalog.pg_class c
            LEFT JOIN pg_catalog.pg_namespace n ON n.oid = c.relnamespace
            WHERE (pg_catalog.pg_table_is_visible(c.oid))
            AND c.relname = %(table_name)s AND c.relkind in
            ('r', 'v', 'm', 'f', 'p')
        
INFO:sqlalchemy.engine.base.Engine:{'table_name': 'tbl_resumen_cine'}
INFO:sqlalchemy.engine.base.Engine:
            SELECT a.attname,
              pg_catalog.format_type(a.atttypid, a.atttypmod),
              (SELECT pg_catalog.pg_get_expr(d.adbin, d.adrelid)
                FROM pg_catalog.pg_attrdef d
               WHERE d.adrelid = a.attrelid AND d.adnum = a.attnum
               AND a.atthasdef)
              AS DEFAULT,
              a.attnotnull, a.attnum, a.attrelid as table_oid,
              pgd.description as comment,
              NULL as generated
            FROM pg_catalog.pg_attribute a
            LEFT JOIN pg_catalog.pg_description pgd ON (
                pgd.objoid = a.attrelid AND pgd.objsubid = a.attnum)
            WHERE a.attrelid = %(table_oid)s
            AND a.attnum > 0 AND NOT a.attisdropped
            ORDER BY a.attnum
        
INFO:sqlalchemy.engine.base.Engine:{'table_oid': 16475}
INFO:sqlalchemy.engine.base.Engine:
            SELECT t.typname as "name",
               pg_catalog.format_type(t.typbasetype, t.typtypmod) as "attype",
               not t.typnotnull as "nullable",
               t.typdefault as "default",
               pg_catalog.pg_type_is_visible(t.oid) as "visible",
               n.nspname as "schema"
            FROM pg_catalog.pg_type t
               LEFT JOIN pg_catalog.pg_namespace n ON n.oid = t.typnamespace
            WHERE t.typtype = 'd'
        
INFO:sqlalchemy.engine.base.Engine:{}
INFO:sqlalchemy.engine.base.Engine:
            SELECT t.typname as "name",
               -- no enum defaults in 8.4 at least
               -- t.typdefault as "default",
               pg_catalog.pg_type_is_visible(t.oid) as "visible",
               n.nspname as "schema",
               e.enumlabel as "label"
            FROM pg_catalog.pg_type t
                 LEFT JOIN pg_catalog.pg_namespace n ON n.oid = t.typnamespace
                 LEFT JOIN pg_catalog.pg_enum e ON t.oid = e.enumtypid
            WHERE t.typtype = 'e'
        ORDER BY "schema", "name", e.oid
INFO:sqlalchemy.engine.base.Engine:{}
INFO:sqlalchemy.engine.base.Engine:
                SELECT a.attname
                FROM pg_attribute a JOIN (
                    SELECT unnest(ix.indkey) attnum,
                           generate_subscripts(ix.indkey, 1) ord
                    FROM pg_index ix
                    WHERE ix.indrelid = %(table_oid)s AND ix.indisprimary
                    ) k ON a.attnum=k.attnum
                WHERE a.attrelid = %(table_oid)s
                ORDER BY k.ord
            
INFO:sqlalchemy.engine.base.Engine:{'table_oid': 16475}
INFO:sqlalchemy.engine.base.Engine:
        SELECT conname
           FROM  pg_catalog.pg_constraint r
           WHERE r.conrelid = %(table_oid)s AND r.contype = 'p'
           ORDER BY 1
        
INFO:sqlalchemy.engine.base.Engine:{'table_oid': 16475}
INFO:sqlalchemy.engine.base.Engine:
          SELECT r.conname,
                pg_catalog.pg_get_constraintdef(r.oid, true) as condef,
                n.nspname as conschema
          FROM  pg_catalog.pg_constraint r,
                pg_namespace n,
                pg_class c

          WHERE r.conrelid = %(table)s AND
                r.contype = 'f' AND
                c.oid = confrelid AND
                n.oid = c.relnamespace
          ORDER BY 1
        
INFO:sqlalchemy.engine.base.Engine:{'table': 16475}
INFO:sqlalchemy.engine.base.Engine:
              SELECT
                  i.relname as relname,
                  ix.indisunique, ix.indexprs, ix.indpred,
                  a.attname, a.attnum, c.conrelid, ix.indkey::varchar,
                  ix.indoption::varchar, i.reloptions, am.amname,
                  NULL as indnkeyatts
              FROM
                  pg_class t
                        join pg_index ix on t.oid = ix.indrelid
                        join pg_class i on i.oid = ix.indexrelid
                        left outer join
                            pg_attribute a
                            on t.oid = a.attrelid and a.attnum = ANY(ix.indkey)
                        left outer join
                            pg_constraint c
                            on (ix.indrelid = c.conrelid and
                                ix.indexrelid = c.conindid and
                                c.contype in ('p', 'u', 'x'))
                        left outer join
                            pg_am am
                            on i.relam = am.oid
              WHERE
                  t.relkind IN ('r', 'v', 'f', 'm', 'p')
                  and t.oid = %(table_oid)s
                  and ix.indisprimary = 'f'
              ORDER BY
                  t.relname,
                  i.relname
            
INFO:sqlalchemy.engine.base.Engine:{'table_oid': 16475}
INFO:sqlalchemy.engine.base.Engine:
            SELECT
                cons.conname as name,
                cons.conkey as key,
                a.attnum as col_num,
                a.attname as col_name
            FROM
                pg_catalog.pg_constraint cons
                join pg_attribute a
                  on cons.conrelid = a.attrelid AND
                    a.attnum = ANY(cons.conkey)
            WHERE
                cons.conrelid = %(table_oid)s AND
                cons.contype = 'u'
        
INFO:sqlalchemy.engine.base.Engine:{'table_oid': 16475}
INFO:sqlalchemy.engine.base.Engine:
            SELECT
                cons.conname as name,
                pg_get_constraintdef(cons.oid) as src
            FROM
                pg_catalog.pg_constraint cons
            WHERE
                cons.conrelid = %(table_oid)s AND
                cons.contype = 'c'
        
INFO:sqlalchemy.engine.base.Engine:{'table_oid': 16475}
INFO:sqlalchemy.engine.base.Engine:
            SELECT
                pgd.description as table_comment
            FROM
                pg_catalog.pg_description pgd
            WHERE
                pgd.objsubid = 0 AND
                pgd.objoid = %(table_oid)s
        
INFO:sqlalchemy.engine.base.Engine:{'table_oid': 16475}
INFO:sqlalchemy.engine.base.Engine:
DROP TABLE tbl_resumen_cine
INFO:sqlalchemy.engine.base.Engine:{}
INFO:sqlalchemy.engine.base.Engine:COMMIT
INFO:sqlalchemy.engine.base.Engine:
CREATE TABLE tbl_resumen_cine (
	provincia TEXT, 
	"Butacas" BIGINT, 
	"Pantallas" BIGINT, 
	"espacio_INCAA" FLOAT(53)
)


INFO:sqlalchemy.engine.base.Engine:{}
INFO:sqlalchemy.engine.base.Engine:COMMIT
INFO:sqlalchemy.engine.base.Engine:CREATE INDEX ix_tbl_resumen_cine_provincia ON tbl_resumen_cine (provincia)
INFO:sqlalchemy.engine.base.Engine:{}
INFO:sqlalchemy.engine.base.Engine:COMMIT
INFO:sqlalchemy.engine.base.Engine:BEGIN (implicit)
INFO:sqlalchemy.engine.base.Engine:INSERT INTO tbl_resumen_cine (provincia, "Butacas", "Pantallas", "espacio_INCAA") VALUES (%(provincia)s, %(Butacas)s, %(Pantallas)s, %(espacio_INCAA)s)
INFO:sqlalchemy.engine.base.Engine:({'provincia': 'Buenos Aires', 'Butacas': 93112, 'Pantallas': 358, 'espacio_INCAA': 20.0}, {'provincia': 'Catamarca', 'Butacas': 3200, 'Pantallas': 12, 'espacio_INCAA': 1.0}, {'provincia': 'Chaco', 'Butacas': 2469, 'Pantallas': 14, 'espacio_INCAA': 1.0}, {'provincia': 'Chubut', 'Butacas': 2682, 'Pantallas': 10, 'espacio_INCAA': 4.0}, {'provincia': 'Ciudad Autónoma de Buenos Aires', 'Butacas': 31386, 'Pantallas': 153, 'espacio_INCAA': 3.0}, {'provincia': 'Corrientes', 'Butacas': 3370, 'Pantallas': 17, 'espacio_INCAA': 1.0}, {'provincia': 'Córdoba', 'Butacas': 20799, 'Pantallas': 105, 'espacio_INCAA': 2.0}, {'provincia': 'Entre Ríos', 'Butacas': 4086, 'Pantallas': 17, 'espacio_INCAA': 2.0}  ... displaying 10 of 24 total bound parameter sets ...  {'provincia': 'Tierra del Fuego', 'Butacas': 1445, 'Pantallas': 6, 'espacio_INCAA': 0.0}, {'provincia': 'Tucumán', 'Butacas': 5161, 'Pantallas': 24, 'espacio_INCAA': 2.0})
INFO:sqlalchemy.engine.base.Engine:COMMIT
ERROR:asyncio:Task was destroyed but it is pending!
task: <Task pending name='Task-2' coro=<Kernel.poll_control_queue() running at C:\Users\gariasrujano\.conda\envs\python\lib\site-packages\ipykernel\kernelbase.py:227> wait_for=<Future finished result=<Future at 0x...state=pending>> cb=[_chain_future.<locals>._call_set_state() at C:\Users\gariasrujano\.conda\envs\python\lib\asyncio\futures.py:367]>
INFO:sqlalchemy.engine.Engine:select pg_catalog.version()
INFO:sqlalchemy.engine.Engine:[raw sql] {}
INFO:sqlalchemy.engine.Engine:select current_schema()
INFO:sqlalchemy.engine.Engine:[raw sql] {}
INFO:sqlalchemy.engine.Engine:show standard_conforming_strings
INFO:sqlalchemy.engine.Engine:[raw sql] {}
INFO:sqlalchemy.engine.Engine:select relname from pg_class c join pg_namespace n on n.oid=c.relnamespace where pg_catalog.pg_table_is_visible(c.oid) and relname=%(name)s
INFO:sqlalchemy.engine.Engine:[generated in 0.00148s] {'name': 'tbl_data'}
INFO:sqlalchemy.engine.Engine:select relname from pg_class c join pg_namespace n on n.oid=c.relnamespace where pg_catalog.pg_table_is_visible(c.oid) and relname=%(name)s
INFO:sqlalchemy.engine.Engine:[cached since 0.007061s ago] {'name': 'tbl_data'}
INFO:sqlalchemy.engine.Engine:SELECT c.relname FROM pg_class c JOIN pg_namespace n ON n.oid = c.relnamespace WHERE n.nspname = %(schema)s AND c.relkind in ('r', 'p')
INFO:sqlalchemy.engine.Engine:[generated in 0.00165s] {'schema': 'public'}
INFO:sqlalchemy.engine.Engine:
            SELECT c.oid
            FROM pg_catalog.pg_class c
            LEFT JOIN pg_catalog.pg_namespace n ON n.oid = c.relnamespace
            WHERE (pg_catalog.pg_table_is_visible(c.oid))
            AND c.relname = %(table_name)s AND c.relkind in
            ('r', 'v', 'm', 'f', 'p')
        
INFO:sqlalchemy.engine.Engine:[generated in 0.00140s] {'table_name': 'tbl_data'}
INFO:sqlalchemy.engine.Engine:
            SELECT a.attname,
              pg_catalog.format_type(a.atttypid, a.atttypmod),
              (
                SELECT pg_catalog.pg_get_expr(d.adbin, d.adrelid)
                FROM pg_catalog.pg_attrdef d
                WHERE d.adrelid = a.attrelid AND d.adnum = a.attnum
                AND a.atthasdef
              ) AS DEFAULT,
              a.attnotnull,
              a.attrelid as table_oid,
              pgd.description as comment,
              a.attgenerated as generated,
                              (SELECT json_build_object(
                    'always', a.attidentity = 'a',
                    'start', s.seqstart,
                    'increment', s.seqincrement,
                    'minvalue', s.seqmin,
                    'maxvalue', s.seqmax,
                    'cache', s.seqcache,
                    'cycle', s.seqcycle)
                FROM pg_catalog.pg_sequence s
                JOIN pg_catalog.pg_class c on s.seqrelid = c."oid"
                WHERE c.relkind = 'S'
                AND a.attidentity != ''
                AND s.seqrelid = pg_catalog.pg_get_serial_sequence(
                    a.attrelid::regclass::text, a.attname
                )::regclass::oid
                ) as identity_options                
            FROM pg_catalog.pg_attribute a
            LEFT JOIN pg_catalog.pg_description pgd ON (
                pgd.objoid = a.attrelid AND pgd.objsubid = a.attnum)
            WHERE a.attrelid = %(table_oid)s
            AND a.attnum > 0 AND NOT a.attisdropped
            ORDER BY a.attnum
        
INFO:sqlalchemy.engine.Engine:[generated in 0.00170s] {'table_oid': 25213}
INFO:sqlalchemy.engine.Engine:
            SELECT t.typname as "name",
               pg_catalog.format_type(t.typbasetype, t.typtypmod) as "attype",
               not t.typnotnull as "nullable",
               t.typdefault as "default",
               pg_catalog.pg_type_is_visible(t.oid) as "visible",
               n.nspname as "schema"
            FROM pg_catalog.pg_type t
               LEFT JOIN pg_catalog.pg_namespace n ON n.oid = t.typnamespace
            WHERE t.typtype = 'd'
        
INFO:sqlalchemy.engine.Engine:[generated in 0.00117s] {}
INFO:sqlalchemy.engine.Engine:
            SELECT t.typname as "name",
               -- no enum defaults in 8.4 at least
               -- t.typdefault as "default",
               pg_catalog.pg_type_is_visible(t.oid) as "visible",
               n.nspname as "schema",
               e.enumlabel as "label"
            FROM pg_catalog.pg_type t
                 LEFT JOIN pg_catalog.pg_namespace n ON n.oid = t.typnamespace
                 LEFT JOIN pg_catalog.pg_enum e ON t.oid = e.enumtypid
            WHERE t.typtype = 'e'
        ORDER BY "schema", "name", e.oid
INFO:sqlalchemy.engine.Engine:[generated in 0.00110s] {}
INFO:sqlalchemy.engine.Engine:
                SELECT a.attname
                FROM pg_attribute a JOIN (
                    SELECT unnest(ix.indkey) attnum,
                           generate_subscripts(ix.indkey, 1) ord
                    FROM pg_index ix
                    WHERE ix.indrelid = %(table_oid)s AND ix.indisprimary
                    ) k ON a.attnum=k.attnum
                WHERE a.attrelid = %(table_oid)s
                ORDER BY k.ord
            
INFO:sqlalchemy.engine.Engine:[generated in 0.00133s] {'table_oid': 25213}
INFO:sqlalchemy.engine.Engine:
        SELECT conname
           FROM  pg_catalog.pg_constraint r
           WHERE r.conrelid = %(table_oid)s AND r.contype = 'p'
           ORDER BY 1
        
INFO:sqlalchemy.engine.Engine:[generated in 0.00110s] {'table_oid': 25213}
INFO:sqlalchemy.engine.Engine:
          SELECT r.conname,
                pg_catalog.pg_get_constraintdef(r.oid, true) as condef,
                n.nspname as conschema
          FROM  pg_catalog.pg_constraint r,
                pg_namespace n,
                pg_class c

          WHERE r.conrelid = %(table)s AND
                r.contype = 'f' AND
                c.oid = confrelid AND
                n.oid = c.relnamespace
          ORDER BY 1
        
INFO:sqlalchemy.engine.Engine:[generated in 0.00116s] {'table': 25213}
INFO:sqlalchemy.engine.Engine:
              SELECT
                  i.relname as relname,
                  ix.indisunique, ix.indexprs,
                  a.attname, a.attnum, c.conrelid, ix.indkey::varchar,
                  ix.indoption::varchar, i.reloptions, am.amname,
                  pg_get_expr(ix.indpred, ix.indrelid),
                  ix.indnkeyatts as indnkeyatts
              FROM
                  pg_class t
                        join pg_index ix on t.oid = ix.indrelid
                        join pg_class i on i.oid = ix.indexrelid
                        left outer join
                            pg_attribute a
                            on t.oid = a.attrelid and a.attnum = ANY(ix.indkey)
                        left outer join
                            pg_constraint c
                            on (ix.indrelid = c.conrelid and
                                ix.indexrelid = c.conindid and
                                c.contype in ('p', 'u', 'x'))
                        left outer join
                            pg_am am
                            on i.relam = am.oid
              WHERE
                  t.relkind IN ('r', 'v', 'f', 'm', 'p')
                  and t.oid = %(table_oid)s
                  and ix.indisprimary = 'f'
              ORDER BY
                  t.relname,
                  i.relname
            
INFO:sqlalchemy.engine.Engine:[generated in 0.00122s] {'table_oid': 25213}
INFO:sqlalchemy.engine.Engine:
            SELECT
                cons.conname as name,
                cons.conkey as key,
                a.attnum as col_num,
                a.attname as col_name
            FROM
                pg_catalog.pg_constraint cons
                join pg_attribute a
                  on cons.conrelid = a.attrelid AND
                    a.attnum = ANY(cons.conkey)
            WHERE
                cons.conrelid = %(table_oid)s AND
                cons.contype = 'u'
        
INFO:sqlalchemy.engine.Engine:[generated in 0.00119s] {'table_oid': 25213}
INFO:sqlalchemy.engine.Engine:
            SELECT
                cons.conname as name,
                pg_get_constraintdef(cons.oid) as src
            FROM
                pg_catalog.pg_constraint cons
            WHERE
                cons.conrelid = %(table_oid)s AND
                cons.contype = 'c'
        
INFO:sqlalchemy.engine.Engine:[generated in 0.00115s] {'table_oid': 25213}
INFO:sqlalchemy.engine.Engine:
            SELECT
                pgd.description as table_comment
            FROM
                pg_catalog.pg_description pgd
            WHERE
                pgd.objsubid = 0 AND
                pgd.objoid = %(table_oid)s
        
INFO:sqlalchemy.engine.Engine:[generated in 0.00129s] {'table_oid': 25213}
INFO:sqlalchemy.engine.Engine:BEGIN (implicit)
INFO:sqlalchemy.engine.Engine:
DROP TABLE tbl_data
INFO:sqlalchemy.engine.Engine:[no key 0.00073s] {}
INFO:sqlalchemy.engine.Engine:COMMIT
INFO:sqlalchemy.engine.Engine:BEGIN (implicit)
INFO:sqlalchemy.engine.Engine:
CREATE TABLE tbl_data (
	index BIGINT, 
	"Cod_Loc" BIGINT, 
	"IdProvincia" BIGINT, 
	"IdDepartamento" BIGINT, 
	categoria TEXT, 
	provincia TEXT, 
	localidad TEXT, 
	nombre TEXT, 
	direccion TEXT, 
	"CP" TEXT, 
	telefono TEXT, 
	"Mail" TEXT, 
	"Web" TEXT
)


INFO:sqlalchemy.engine.Engine:[no key 0.00117s] {}
INFO:sqlalchemy.engine.Engine:CREATE INDEX ix_tbl_data_index ON tbl_data (index)
INFO:sqlalchemy.engine.Engine:[no key 0.00115s] {}
INFO:sqlalchemy.engine.Engine:COMMIT
INFO:sqlalchemy.engine.Engine:BEGIN (implicit)
INFO:sqlalchemy.engine.Engine:INSERT INTO tbl_data (index, "Cod_Loc", "IdProvincia", "IdDepartamento", categoria, provincia, localidad, nombre, direccion, "CP", telefono, "Mail", "Web") VALUES (%(index)s, %(Cod_Loc)s, %(IdProvincia)s, %(IdDepartamento)s, %(categoria)s, %(provincia)s, %(localidad)s, %(nombre)s, %(direccion)s, %(CP)s, %(telefono)s, %(Mail)s, %(Web)s)
INFO:sqlalchemy.engine.Engine:[generated in 0.03602s] ({'index': 0, 'Cod_Loc': 6588100, 'IdProvincia': 6, 'IdDepartamento': 6588, 'categoria': 'Espacios de Exhibición Patrimonial', 'provincia': 'Buenos Aires', 'localidad': '9 de Julio', 'nombre': 'Archivo Y Museo Histórico Gral. Julio De Vedia', 'direccion': 'Libertad 1191', 'CP': 'B6500EVL', 'telefono': '425 279', 'Mail': 'archivoymuseo@yahoo.com.ar', 'Web': 'www.portaldel9.com.ar'}, {'index': 1, 'Cod_Loc': 6077010, 'IdProvincia': 6, 'IdDepartamento': 6077, 'categoria': 'Espacios de Exhibición Patrimonial', 'provincia': 'Buenos Aires', 'localidad': 'Arrecifes', 'nombre': 'Museo Y Archivo Histórico De Arrecifes', 'direccion': 'Gerardo Risso y España', 'CP': 'B2740FMJ', 'telefono': '452 931', 'Mail': 'museoarrecifes@hotmail.com', 'Web': None}, {'index': 2, 'Cod_Loc': 6035010, 'IdProvincia': 6, 'IdDepartamento': 6035, 'categoria': 'Espacios de Exhibición Patrimonial', 'provincia': 'Buenos Aires', 'localidad': 'Avellaneda', 'nombre': 'Museo Histórico-Sacro  Hno. Rogelio Scortegagna', 'direccion': 'Calle 11 (Av. San Martín) Nº 830', 'CP': 'S3561AKT', 'telefono': '481 200', 'Mail': None, 'Web': None}, {'index': 3, 'Cod_Loc': 6035010, 'IdProvincia': 6, 'IdDepartamento': 6035, 'categoria': 'Espacios de Exhibición Patrimonial', 'provincia': 'Buenos Aires', 'localidad': 'Avellaneda', 'nombre': 'Museo Municipal De Artes Plásticas De Avellaneda', 'direccion': 'Sarmiento 101, 1 º Piso', 'CP': 'B1870CBC', 'telefono': '4205 9567', 'Mail': None, 'Web': None}, {'index': 4, 'Cod_Loc': 6049020, 'IdProvincia': 6, 'IdDepartamento': 6049, 'categoria': 'Espacios de Exhibición Patrimonial', 'provincia': 'Buenos Aires', 'localidad': 'Azul', 'nombre': 'Museo Etnográfico Y Archivo Histórico Enrique Squirru', 'direccion': 'Bartolomé J. Ronco 654', 'CP': 'B7300XAA', 'telefono': '434 811', 'Mail': 'museoazul@yahoo.com', 'Web': None}, {'index': 5, 'Cod_Loc': 6056010, 'IdProvincia': 6, 'IdDepartamento': 6056, 'categoria': 'Espacios de Exhibición Patrimonial', 'provincia': 'Buenos Aires', 'localidad': 'Bahía Blanca', 'nombre': 'Museo De Bellas Artes', 'direccion': 'Sarmiento 450', 'CP': 'B8000HQJ', 'telefono': '459 4006', 'Mail': 'mac@bblanca.com.ar', 'Web': None}, {'index': 6, 'Cod_Loc': 6056010, 'IdProvincia': 6, 'IdDepartamento': 6056, 'categoria': 'Espacios de Exhibición Patrimonial', 'provincia': 'Buenos Aires', 'localidad': 'Bahía Blanca', 'nombre': 'Museo De Ciencias', 'direccion': 'Castelli 3702', 'CP': 'B8003APV', 'telefono': '488 3266', 'Mail': None, 'Web': None}, {'index': 7, 'Cod_Loc': 6056010, 'IdProvincia': 6, 'IdDepartamento': 6056, 'categoria': 'Espacios de Exhibición Patrimonial', 'provincia': 'Buenos Aires', 'localidad': 'Bahía Blanca', 'nombre': 'Museo Y Parque Estereoscópico El Histórico Café Museo', 'direccion': 'Italia 19', 'CP': 'B8000DKA', 'telefono': '451 0675', 'Mail': None, 'Web': None}  ... displaying 10 of 3528 total bound parameter sets ...  {'index': 2015, 'Cod_Loc': 62077010, 'IdProvincia': 62, 'IdDepartamento': 62077, 'categoria': 'Bibliotecas Populares', 'provincia': 'Río Negro', 'localidad': 'Las Grutas', 'nombre': 'Cmte. Luis Piedra Buena', 'direccion': 'Villa Regina 589', 'CP': '8521', 'telefono': '497263', 'Mail': 'bibliotecalasgrutas@yahoo.com.ar, alehernandez@canaldig.com.ar', 'Web': None}, {'index': 2016, 'Cod_Loc': 62042360, 'IdProvincia': 62, 'IdDepartamento': 62042, 'categoria': 'Bibliotecas Populares', 'provincia': 'Río Negro', 'localidad': 'Catriel', 'nombre': 'José Hernández', 'direccion': 'Pampa Nº 691', 'CP': '8307', 'telefono': 's/d', 'Mail': 'biblioteca.josehernandez.catriel@live.com', 'Web': None})
INFO:sqlalchemy.engine.Engine:COMMIT
INFO:sqlalchemy.engine.Engine:select relname from pg_class c join pg_namespace n on n.oid=c.relnamespace where pg_catalog.pg_table_is_visible(c.oid) and relname=%(name)s
INFO:sqlalchemy.engine.Engine:[cached since 0.3194s ago] {'name': 'tbl_cine'}
INFO:sqlalchemy.engine.Engine:select relname from pg_class c join pg_namespace n on n.oid=c.relnamespace where pg_catalog.pg_table_is_visible(c.oid) and relname=%(name)s
INFO:sqlalchemy.engine.Engine:[cached since 0.3232s ago] {'name': 'tbl_cine'}
INFO:sqlalchemy.engine.Engine:SELECT c.relname FROM pg_class c JOIN pg_namespace n ON n.oid = c.relnamespace WHERE n.nspname = %(schema)s AND c.relkind in ('r', 'p')
INFO:sqlalchemy.engine.Engine:[cached since 0.3168s ago] {'schema': 'public'}
INFO:sqlalchemy.engine.Engine:
            SELECT c.oid
            FROM pg_catalog.pg_class c
            LEFT JOIN pg_catalog.pg_namespace n ON n.oid = c.relnamespace
            WHERE (pg_catalog.pg_table_is_visible(c.oid))
            AND c.relname = %(table_name)s AND c.relkind in
            ('r', 'v', 'm', 'f', 'p')
        
INFO:sqlalchemy.engine.Engine:[cached since 0.3151s ago] {'table_name': 'tbl_cine'}
INFO:sqlalchemy.engine.Engine:
            SELECT a.attname,
              pg_catalog.format_type(a.atttypid, a.atttypmod),
              (
                SELECT pg_catalog.pg_get_expr(d.adbin, d.adrelid)
                FROM pg_catalog.pg_attrdef d
                WHERE d.adrelid = a.attrelid AND d.adnum = a.attnum
                AND a.atthasdef
              ) AS DEFAULT,
              a.attnotnull,
              a.attrelid as table_oid,
              pgd.description as comment,
              a.attgenerated as generated,
                              (SELECT json_build_object(
                    'always', a.attidentity = 'a',
                    'start', s.seqstart,
                    'increment', s.seqincrement,
                    'minvalue', s.seqmin,
                    'maxvalue', s.seqmax,
                    'cache', s.seqcache,
                    'cycle', s.seqcycle)
                FROM pg_catalog.pg_sequence s
                JOIN pg_catalog.pg_class c on s.seqrelid = c."oid"
                WHERE c.relkind = 'S'
                AND a.attidentity != ''
                AND s.seqrelid = pg_catalog.pg_get_serial_sequence(
                    a.attrelid::regclass::text, a.attname
                )::regclass::oid
                ) as identity_options                
            FROM pg_catalog.pg_attribute a
            LEFT JOIN pg_catalog.pg_description pgd ON (
                pgd.objoid = a.attrelid AND pgd.objsubid = a.attnum)
            WHERE a.attrelid = %(table_oid)s
            AND a.attnum > 0 AND NOT a.attisdropped
            ORDER BY a.attnum
        
INFO:sqlalchemy.engine.Engine:[cached since 0.3148s ago] {'table_oid': 25220}
INFO:sqlalchemy.engine.Engine:
            SELECT t.typname as "name",
               pg_catalog.format_type(t.typbasetype, t.typtypmod) as "attype",
               not t.typnotnull as "nullable",
               t.typdefault as "default",
               pg_catalog.pg_type_is_visible(t.oid) as "visible",
               n.nspname as "schema"
            FROM pg_catalog.pg_type t
               LEFT JOIN pg_catalog.pg_namespace n ON n.oid = t.typnamespace
            WHERE t.typtype = 'd'
        
INFO:sqlalchemy.engine.Engine:[cached since 0.3061s ago] {}
INFO:sqlalchemy.engine.Engine:
            SELECT t.typname as "name",
               -- no enum defaults in 8.4 at least
               -- t.typdefault as "default",
               pg_catalog.pg_type_is_visible(t.oid) as "visible",
               n.nspname as "schema",
               e.enumlabel as "label"
            FROM pg_catalog.pg_type t
                 LEFT JOIN pg_catalog.pg_namespace n ON n.oid = t.typnamespace
                 LEFT JOIN pg_catalog.pg_enum e ON t.oid = e.enumtypid
            WHERE t.typtype = 'e'
        ORDER BY "schema", "name", e.oid
INFO:sqlalchemy.engine.Engine:[cached since 0.3057s ago] {}
INFO:sqlalchemy.engine.Engine:
                SELECT a.attname
                FROM pg_attribute a JOIN (
                    SELECT unnest(ix.indkey) attnum,
                           generate_subscripts(ix.indkey, 1) ord
                    FROM pg_index ix
                    WHERE ix.indrelid = %(table_oid)s AND ix.indisprimary
                    ) k ON a.attnum=k.attnum
                WHERE a.attrelid = %(table_oid)s
                ORDER BY k.ord
            
INFO:sqlalchemy.engine.Engine:[cached since 0.3042s ago] {'table_oid': 25220}
INFO:sqlalchemy.engine.Engine:
        SELECT conname
           FROM  pg_catalog.pg_constraint r
           WHERE r.conrelid = %(table_oid)s AND r.contype = 'p'
           ORDER BY 1
        
INFO:sqlalchemy.engine.Engine:[cached since 0.3011s ago] {'table_oid': 25220}
INFO:sqlalchemy.engine.Engine:
          SELECT r.conname,
                pg_catalog.pg_get_constraintdef(r.oid, true) as condef,
                n.nspname as conschema
          FROM  pg_catalog.pg_constraint r,
                pg_namespace n,
                pg_class c

          WHERE r.conrelid = %(table)s AND
                r.contype = 'f' AND
                c.oid = confrelid AND
                n.oid = c.relnamespace
          ORDER BY 1
        
INFO:sqlalchemy.engine.Engine:[cached since 0.2981s ago] {'table': 25220}
INFO:sqlalchemy.engine.Engine:
              SELECT
                  i.relname as relname,
                  ix.indisunique, ix.indexprs,
                  a.attname, a.attnum, c.conrelid, ix.indkey::varchar,
                  ix.indoption::varchar, i.reloptions, am.amname,
                  pg_get_expr(ix.indpred, ix.indrelid),
                  ix.indnkeyatts as indnkeyatts
              FROM
                  pg_class t
                        join pg_index ix on t.oid = ix.indrelid
                        join pg_class i on i.oid = ix.indexrelid
                        left outer join
                            pg_attribute a
                            on t.oid = a.attrelid and a.attnum = ANY(ix.indkey)
                        left outer join
                            pg_constraint c
                            on (ix.indrelid = c.conrelid and
                                ix.indexrelid = c.conindid and
                                c.contype in ('p', 'u', 'x'))
                        left outer join
                            pg_am am
                            on i.relam = am.oid
              WHERE
                  t.relkind IN ('r', 'v', 'f', 'm', 'p')
                  and t.oid = %(table_oid)s
                  and ix.indisprimary = 'f'
              ORDER BY
                  t.relname,
                  i.relname
            
INFO:sqlalchemy.engine.Engine:[cached since 0.297s ago] {'table_oid': 25220}
INFO:sqlalchemy.engine.Engine:
            SELECT
                cons.conname as name,
                cons.conkey as key,
                a.attnum as col_num,
                a.attname as col_name
            FROM
                pg_catalog.pg_constraint cons
                join pg_attribute a
                  on cons.conrelid = a.attrelid AND
                    a.attnum = ANY(cons.conkey)
            WHERE
                cons.conrelid = %(table_oid)s AND
                cons.contype = 'u'
        
INFO:sqlalchemy.engine.Engine:[cached since 0.296s ago] {'table_oid': 25220}
INFO:sqlalchemy.engine.Engine:
            SELECT
                cons.conname as name,
                pg_get_constraintdef(cons.oid) as src
            FROM
                pg_catalog.pg_constraint cons
            WHERE
                cons.conrelid = %(table_oid)s AND
                cons.contype = 'c'
        
INFO:sqlalchemy.engine.Engine:[cached since 0.2965s ago] {'table_oid': 25220}
INFO:sqlalchemy.engine.Engine:
            SELECT
                pgd.description as table_comment
            FROM
                pg_catalog.pg_description pgd
            WHERE
                pgd.objsubid = 0 AND
                pgd.objoid = %(table_oid)s
        
INFO:sqlalchemy.engine.Engine:[cached since 0.2969s ago] {'table_oid': 25220}
INFO:sqlalchemy.engine.Engine:BEGIN (implicit)
INFO:sqlalchemy.engine.Engine:
DROP TABLE tbl_cine
INFO:sqlalchemy.engine.Engine:[no key 0.00090s] {}
INFO:sqlalchemy.engine.Engine:COMMIT
INFO:sqlalchemy.engine.Engine:BEGIN (implicit)
INFO:sqlalchemy.engine.Engine:
CREATE TABLE tbl_cine (
	index BIGINT, 
	"Cod_Loc" BIGINT, 
	"IdProvincia" BIGINT, 
	"IdDepartamento" BIGINT, 
	"Observaciones" FLOAT(53), 
	categoria TEXT, 
	provincia TEXT, 
	"Departamento" TEXT, 
	localidad TEXT, 
	nombre TEXT, 
	direccion TEXT, 
	"Piso" TEXT, 
	"CP" BIGINT, 
	cod_area TEXT, 
	telefono TEXT, 
	"Mail" TEXT, 
	"Web" TEXT, 
	"Información adicional" FLOAT(53), 
	"Latitud" FLOAT(53), 
	"Longitud" FLOAT(53), 
	"TipoLatitudLongitud" TEXT, 
	"Fuente" TEXT, 
	tipo_gestion TEXT, 
	"Pantallas" BIGINT, 
	"Butacas" BIGINT, 
	"espacio_INCAA" TEXT, 
	"año_actualizacion" BIGINT
)


INFO:sqlalchemy.engine.Engine:[no key 0.00123s] {}
INFO:sqlalchemy.engine.Engine:CREATE INDEX ix_tbl_cine_index ON tbl_cine (index)
INFO:sqlalchemy.engine.Engine:[no key 0.00116s] {}
INFO:sqlalchemy.engine.Engine:COMMIT
INFO:sqlalchemy.engine.Engine:BEGIN (implicit)
INFO:sqlalchemy.engine.Engine:INSERT INTO tbl_cine (index, "Cod_Loc", "IdProvincia", "IdDepartamento", "Observaciones", categoria, provincia, "Departamento", localidad, nombre, direccion, "Piso", "CP", cod_area, telefono, "Mail", "Web", "Información adicional", "Latitud", "Longitud", "TipoLatitudLongitud", "Fuente", tipo_gestion, "Pantallas", "Butacas", "espacio_INCAA", "año_actualizacion") VALUES (%(index)s, %(Cod_Loc)s, %(IdProvincia)s, %(IdDepartamento)s, %(Observaciones)s, %(categoria)s, %(provincia)s, %(Departamento)s, %(localidad)s, %(nombre)s, %(direccion)s, %(Piso)s, %(CP)s, %(cod_area)s, %(telefono)s, %(Mail)s, %(Web)s, %(Información adicional)s, %(Latitud)s, %(Longitud)s, %(TipoLatitudLongitud)s, %(Fuente)s, %(tipo_gestion)s, %(Pantallas)s, %(Butacas)s, %(espacio_INCAA)s, %(año_actualizacion)s)
INFO:sqlalchemy.engine.Engine:[generated in 0.00737s] ({'index': 0, 'Cod_Loc': 10049030, 'IdProvincia': 10, 'IdDepartamento': 10049, 'Observaciones': None, 'categoria': 'Salas de cine', 'provincia': 'Catamarca', 'Departamento': 'Capital', 'localidad': 'Catamarca', 'nombre': 'Cinemacenter', 'direccion': 'Intendente Mamerto Medina 220', 'Piso': 's/d', 'CP': 4700, 'cod_area': 's/d', 'telefono': 's/d', 'Mail': 's/d', 'Web': 'http://www.cinemacenter.com.ar/', 'Información adicional': None, 'Latitud': -28.464737, 'Longitud': -65.800675, 'TipoLatitudLongitud': 'Localización precisa', 'Fuente': 'INCAA / SInCA', 'tipo_gestion': 'Privado comercial', 'Pantallas': 5, 'Butacas': 743, 'espacio_INCAA': None, 'año_actualizacion': 2018}, {'index': 1, 'Cod_Loc': 10091150, 'IdProvincia': 10, 'IdDepartamento': 10091, 'Observaciones': None, 'categoria': 'Salas de cine', 'provincia': 'Catamarca', 'Departamento': 'Santa Maria', 'localidad': 'Santa María', 'nombre': 'Centro Cultural San Agustín', 'direccion': 'San Martin 173', 'Piso': 's/d', 'CP': 4139, 'cod_area': '3838', 'telefono': '421511', 'Mail': 's/d', 'Web': 's/d', 'Información adicional': None, 'Latitud': -26.693859, 'Longitud': -66.049058, 'TipoLatitudLongitud': 'Localización precisa', 'Fuente': 'INCAA / SInCA', 'tipo_gestion': 'Privado comercial', 'Pantallas': 1, 'Butacas': 440, 'espacio_INCAA': '0', 'año_actualizacion': 2018}, {'index': 2, 'Cod_Loc': 22140060, 'IdProvincia': 22, 'IdDepartamento': 22140, 'Observaciones': None, 'categoria': 'Salas de cine', 'provincia': 'Chaco', 'Departamento': 'San Fernando', 'localidad': 'Resistencia', 'nombre': 'Los Cines De La Costa', 'direccion': 'Av. Sarmiento 2600', 'Piso': 's/d', 'CP': 3500, 'cod_area': '3794', 'telefono': '472200', 'Mail': 'administracion@loscinesdelacosta.com.ar', 'Web': 'http://resistencia.loscinesdelacosta.com.ar/', 'Información adicional': None, 'Latitud': -27.430995, 'Longitud': -58.962672, 'TipoLatitudLongitud': 'Localización precisa', 'Fuente': 'INCAA / SInCA', 'tipo_gestion': 'Privado comercial', 'Pantallas': 5, 'Butacas': 820, 'espacio_INCAA': None, 'año_actualizacion': 2018}, {'index': 3, 'Cod_Loc': 26091020, 'IdProvincia': 26, 'IdDepartamento': 26091, 'Observaciones': None, 'categoria': 'Salas de cine', 'provincia': 'Chubut', 'Departamento': 'Sarmiento', 'localidad': 'Sarmiento', 'nombre': 'Deborah Jones De Williams', 'direccion': 'Reg. Inf. Mec. 25 Esquina 20 De Junio', 'Piso': 's/d', 'CP': 9020, 'cod_area': '297', 'telefono': '4897169', 'Mail': 'culturasarmiento@hotmail.com', 'Web': 'http://www.culturachubut.gob.ar/…/convo-evita-culturales.ht…', 'Información adicional': None, 'Latitud': -45.594374, 'Longitud': -69.069594, 'TipoLatitudLongitud': 'Localización precisa', 'Fuente': 'INCAA / SInCA', 'tipo_gestion': 'Público municipal', 'Pantallas': 1, 'Butacas': 80, 'espacio_INCAA': None, 'año_actualizacion': 2018}, {'index': 4, 'Cod_Loc': 18007010, 'IdProvincia': 18, 'IdDepartamento': 18007, 'Observaciones': None, 'categoria': 'Salas de cine', 'provincia': 'Corrientes', 'Departamento': 'Bella Vista', 'localidad': 'Bella Vista', 'nombre': 'Fantasio', 'direccion': 'Salta 1059', 'Piso': 's/d', 'CP': 3432, 'cod_area': 's/d', 'telefono': 's/d', 'Mail': 'nuevocineteatrorex@gmail.com', 'Web': 'https://www.facebook.com/CineFantasioBellaVista/', 'Información adicional': None, 'Latitud': -28.508494, 'Longitud': -59.045464, 'TipoLatitudLongitud': 'Localización precisa', 'Fuente': 'INCAA / SInCA', 'tipo_gestion': 'Privado comercial', 'Pantallas': 1, 'Butacas': 240, 'espacio_INCAA': None, 'año_actualizacion': 2018}, {'index': 5, 'Cod_Loc': 30056070, 'IdProvincia': 30, 'IdDepartamento': 30056, 'Observaciones': None, 'categoria': 'Salas de cine', 'provincia': 'Entre Ríos', 'Departamento': 'Gualeguaychu', 'localidad': 'Gualeguaychú', 'nombre': 'Cinema Gualeguaychú', 'direccion': '25 De Mayo 1383', 'Piso': 's/d', 'CP': 2820, 'cod_area': '263', 'telefono': '4553653', 'Mail': 'cebriancine@gmail.com', 'Web': 'http://cinemagualeguaychu.com', 'Información adicional': None, 'Latitud': -33.009937, 'Longitud': -58.525474, 'TipoLatitudLongitud': 'Localización precisa', 'Fuente': 'INCAA / SInCA', 'tipo_gestion': 'Privado comercial', 'Pantallas': 1, 'Butacas': 330, 'espacio_INCAA': None, 'año_actualizacion': 2018}, {'index': 6, 'Cod_Loc': 30084070, 'IdProvincia': 30, 'IdDepartamento': 30084, 'Observaciones': None, 'categoria': 'Salas de cine', 'provincia': 'Entre Ríos', 'Departamento': 'Parana', 'localidad': 'Crespo', 'nombre': 'Salón Teatro Municipal', 'direccion': '25 De Mayo 943', 'Piso': 's/d', 'CP': 3116, 'cod_area': '343', 'telefono': '4951160', 'Mail': 'municres@gmail.com', 'Web': 'http://www.crespo.gov.ar', 'Información adicional': None, 'Latitud': -32.031231, 'Longitud': -60.305828, 'TipoLatitudLongitud': 'Localización precisa', 'Fuente': 'INCAA / SInCA', 'tipo_gestion': 'Público municipal', 'Pantallas': 1, 'Butacas': 180, 'espacio_INCAA': None, 'año_actualizacion': 2018}, {'index': 7, 'Cod_Loc': 30028010, 'IdProvincia': 30, 'IdDepartamento': 30028, 'Observaciones': None, 'categoria': 'Salas de cine', 'provincia': 'Entre Ríos', 'Departamento': 'Federacion', 'localidad': 'Chajarí', 'nombre': 'Cine Gran Libertad', 'direccion': '3 De Febrero 3060', 'Piso': 's/d', 'CP': 3228, 'cod_area': '11', 'telefono': '49899707', 'Mail': 'gerenciagranlibertad@gmail.com', 'Web': 'http://cinegranlibertad.com/sala/gran-libertad/alias/chaj', 'Información adicional': None, 'Latitud': -30.759415, 'Longitud': -57.984929, 'TipoLatitudLongitud': 'Localización precisa', 'Fuente': 'INCAA / SInCA', 'tipo_gestion': 'Privado comercial', 'Pantallas': 1, 'Butacas': 400, 'espacio_INCAA': None, 'año_actualizacion': 2018}  ... displaying 10 of 329 total bound parameter sets ...  {'index': 327, 'Cod_Loc': 10049030, 'IdProvincia': 10, 'IdDepartamento': 10049, 'Observaciones': None, 'categoria': 'Salas de cine', 'provincia': 'Catamarca', 'Departamento': 'Capital', 'localidad': 'Catamarca', 'nombre': 'Cine Teatro Catamarca', 'direccion': 'San Martín 555', 'Piso': 's/d', 'CP': 4700, 'cod_area': '383', 'telefono': '4439129', 'Mail': 's/d', 'Web': 'http://www.turismo.catamarca.gob.ar/?vh_accommodation=teatros-en-sfvc/cine-teatro-catamarca', 'Información adicional': None, 'Latitud': -28.469709, 'Longitud': -65.778881, 'TipoLatitudLongitud': 'Localización precisa', 'Fuente': 'INCAA / SInCA', 'tipo_gestion': 'Público municipal', 'Pantallas': 1, 'Butacas': 1103, 'espacio_INCAA': 'si', 'año_actualizacion': 2018}, {'index': 328, 'Cod_Loc': 6427010, 'IdProvincia': 6, 'IdDepartamento': 6427, 'Observaciones': None, 'categoria': 'Salas de cine', 'provincia': 'Buenos Aires', 'Departamento': 'La Matanza', 'localidad': 'San Justo', 'nombre': 'Espacio INCAA Km 16 La Matanza ', 'direccion': 'Av. Illia 2340', 'Piso': 's/d', 'CP': 1754, 'cod_area': '11', 'telefono': '35316634', 'Mail': 'info@ccvb.org.ar\n', 'Web': 'http://www.ccvb.org.ar/cinespecioincaa.html', 'Información adicional': None, 'Latitud': -34.674824, 'Longitud': -58.562913, 'TipoLatitudLongitud': 'Localización precisa', 'Fuente': 'INCAA / SInCA', 'tipo_gestion': 'Privado independiente', 'Pantallas': 1, 'Butacas': 390, 'espacio_INCAA': 'SI', 'año_actualizacion': 2018})
INFO:sqlalchemy.engine.Engine:COMMIT
INFO:sqlalchemy.engine.Engine:select relname from pg_class c join pg_namespace n on n.oid=c.relnamespace where pg_catalog.pg_table_is_visible(c.oid) and relname=%(name)s
INFO:sqlalchemy.engine.Engine:[cached since 0.462s ago] {'name': 'tbl_resumen_cine'}
INFO:sqlalchemy.engine.Engine:select relname from pg_class c join pg_namespace n on n.oid=c.relnamespace where pg_catalog.pg_table_is_visible(c.oid) and relname=%(name)s
INFO:sqlalchemy.engine.Engine:[cached since 0.4661s ago] {'name': 'tbl_resumen_cine'}
INFO:sqlalchemy.engine.Engine:SELECT c.relname FROM pg_class c JOIN pg_namespace n ON n.oid = c.relnamespace WHERE n.nspname = %(schema)s AND c.relkind in ('r', 'p')
INFO:sqlalchemy.engine.Engine:[cached since 0.4595s ago] {'schema': 'public'}
INFO:sqlalchemy.engine.Engine:
            SELECT c.oid
            FROM pg_catalog.pg_class c
            LEFT JOIN pg_catalog.pg_namespace n ON n.oid = c.relnamespace
            WHERE (pg_catalog.pg_table_is_visible(c.oid))
            AND c.relname = %(table_name)s AND c.relkind in
            ('r', 'v', 'm', 'f', 'p')
        
INFO:sqlalchemy.engine.Engine:[cached since 0.4575s ago] {'table_name': 'tbl_resumen_cine'}
INFO:sqlalchemy.engine.Engine:
            SELECT a.attname,
              pg_catalog.format_type(a.atttypid, a.atttypmod),
              (
                SELECT pg_catalog.pg_get_expr(d.adbin, d.adrelid)
                FROM pg_catalog.pg_attrdef d
                WHERE d.adrelid = a.attrelid AND d.adnum = a.attnum
                AND a.atthasdef
              ) AS DEFAULT,
              a.attnotnull,
              a.attrelid as table_oid,
              pgd.description as comment,
              a.attgenerated as generated,
                              (SELECT json_build_object(
                    'always', a.attidentity = 'a',
                    'start', s.seqstart,
                    'increment', s.seqincrement,
                    'minvalue', s.seqmin,
                    'maxvalue', s.seqmax,
                    'cache', s.seqcache,
                    'cycle', s.seqcycle)
                FROM pg_catalog.pg_sequence s
                JOIN pg_catalog.pg_class c on s.seqrelid = c."oid"
                WHERE c.relkind = 'S'
                AND a.attidentity != ''
                AND s.seqrelid = pg_catalog.pg_get_serial_sequence(
                    a.attrelid::regclass::text, a.attname
                )::regclass::oid
                ) as identity_options                
            FROM pg_catalog.pg_attribute a
            LEFT JOIN pg_catalog.pg_description pgd ON (
                pgd.objoid = a.attrelid AND pgd.objsubid = a.attnum)
            WHERE a.attrelid = %(table_oid)s
            AND a.attnum > 0 AND NOT a.attisdropped
            ORDER BY a.attnum
        
INFO:sqlalchemy.engine.Engine:[cached since 0.458s ago] {'table_oid': 25227}
INFO:sqlalchemy.engine.Engine:
            SELECT t.typname as "name",
               pg_catalog.format_type(t.typbasetype, t.typtypmod) as "attype",
               not t.typnotnull as "nullable",
               t.typdefault as "default",
               pg_catalog.pg_type_is_visible(t.oid) as "visible",
               n.nspname as "schema"
            FROM pg_catalog.pg_type t
               LEFT JOIN pg_catalog.pg_namespace n ON n.oid = t.typnamespace
            WHERE t.typtype = 'd'
        
INFO:sqlalchemy.engine.Engine:[cached since 0.45s ago] {}
INFO:sqlalchemy.engine.Engine:
            SELECT t.typname as "name",
               -- no enum defaults in 8.4 at least
               -- t.typdefault as "default",
               pg_catalog.pg_type_is_visible(t.oid) as "visible",
               n.nspname as "schema",
               e.enumlabel as "label"
            FROM pg_catalog.pg_type t
                 LEFT JOIN pg_catalog.pg_namespace n ON n.oid = t.typnamespace
                 LEFT JOIN pg_catalog.pg_enum e ON t.oid = e.enumtypid
            WHERE t.typtype = 'e'
        ORDER BY "schema", "name", e.oid
INFO:sqlalchemy.engine.Engine:[cached since 0.4493s ago] {}
INFO:sqlalchemy.engine.Engine:
                SELECT a.attname
                FROM pg_attribute a JOIN (
                    SELECT unnest(ix.indkey) attnum,
                           generate_subscripts(ix.indkey, 1) ord
                    FROM pg_index ix
                    WHERE ix.indrelid = %(table_oid)s AND ix.indisprimary
                    ) k ON a.attnum=k.attnum
                WHERE a.attrelid = %(table_oid)s
                ORDER BY k.ord
            
INFO:sqlalchemy.engine.Engine:[cached since 0.4466s ago] {'table_oid': 25227}
INFO:sqlalchemy.engine.Engine:
        SELECT conname
           FROM  pg_catalog.pg_constraint r
           WHERE r.conrelid = %(table_oid)s AND r.contype = 'p'
           ORDER BY 1
        
INFO:sqlalchemy.engine.Engine:[cached since 0.4431s ago] {'table_oid': 25227}
INFO:sqlalchemy.engine.Engine:
          SELECT r.conname,
                pg_catalog.pg_get_constraintdef(r.oid, true) as condef,
                n.nspname as conschema
          FROM  pg_catalog.pg_constraint r,
                pg_namespace n,
                pg_class c

          WHERE r.conrelid = %(table)s AND
                r.contype = 'f' AND
                c.oid = confrelid AND
                n.oid = c.relnamespace
          ORDER BY 1
        
INFO:sqlalchemy.engine.Engine:[cached since 0.4397s ago] {'table': 25227}
INFO:sqlalchemy.engine.Engine:
              SELECT
                  i.relname as relname,
                  ix.indisunique, ix.indexprs,
                  a.attname, a.attnum, c.conrelid, ix.indkey::varchar,
                  ix.indoption::varchar, i.reloptions, am.amname,
                  pg_get_expr(ix.indpred, ix.indrelid),
                  ix.indnkeyatts as indnkeyatts
              FROM
                  pg_class t
                        join pg_index ix on t.oid = ix.indrelid
                        join pg_class i on i.oid = ix.indexrelid
                        left outer join
                            pg_attribute a
                            on t.oid = a.attrelid and a.attnum = ANY(ix.indkey)
                        left outer join
                            pg_constraint c
                            on (ix.indrelid = c.conrelid and
                                ix.indexrelid = c.conindid and
                                c.contype in ('p', 'u', 'x'))
                        left outer join
                            pg_am am
                            on i.relam = am.oid
              WHERE
                  t.relkind IN ('r', 'v', 'f', 'm', 'p')
                  and t.oid = %(table_oid)s
                  and ix.indisprimary = 'f'
              ORDER BY
                  t.relname,
                  i.relname
            
INFO:sqlalchemy.engine.Engine:[cached since 0.4383s ago] {'table_oid': 25227}
INFO:sqlalchemy.engine.Engine:
            SELECT
                cons.conname as name,
                cons.conkey as key,
                a.attnum as col_num,
                a.attname as col_name
            FROM
                pg_catalog.pg_constraint cons
                join pg_attribute a
                  on cons.conrelid = a.attrelid AND
                    a.attnum = ANY(cons.conkey)
            WHERE
                cons.conrelid = %(table_oid)s AND
                cons.contype = 'u'
        
INFO:sqlalchemy.engine.Engine:[cached since 0.4367s ago] {'table_oid': 25227}
INFO:sqlalchemy.engine.Engine:
            SELECT
                cons.conname as name,
                pg_get_constraintdef(cons.oid) as src
            FROM
                pg_catalog.pg_constraint cons
            WHERE
                cons.conrelid = %(table_oid)s AND
                cons.contype = 'c'
        
INFO:sqlalchemy.engine.Engine:[cached since 0.4362s ago] {'table_oid': 25227}
INFO:sqlalchemy.engine.Engine:
            SELECT
                pgd.description as table_comment
            FROM
                pg_catalog.pg_description pgd
            WHERE
                pgd.objsubid = 0 AND
                pgd.objoid = %(table_oid)s
        
INFO:sqlalchemy.engine.Engine:[cached since 0.4361s ago] {'table_oid': 25227}
INFO:sqlalchemy.engine.Engine:BEGIN (implicit)
INFO:sqlalchemy.engine.Engine:
DROP TABLE tbl_resumen_cine
INFO:sqlalchemy.engine.Engine:[no key 0.00112s] {}
INFO:sqlalchemy.engine.Engine:COMMIT
INFO:sqlalchemy.engine.Engine:BEGIN (implicit)
INFO:sqlalchemy.engine.Engine:
CREATE TABLE tbl_resumen_cine (
	provincia TEXT, 
	"Butacas" BIGINT, 
	"Pantallas" BIGINT, 
	"espacio_INCAA" FLOAT(53)
)


INFO:sqlalchemy.engine.Engine:[no key 0.00091s] {}
INFO:sqlalchemy.engine.Engine:CREATE INDEX ix_tbl_resumen_cine_provincia ON tbl_resumen_cine (provincia)
INFO:sqlalchemy.engine.Engine:[no key 0.00130s] {}
INFO:sqlalchemy.engine.Engine:COMMIT
INFO:sqlalchemy.engine.Engine:BEGIN (implicit)
INFO:sqlalchemy.engine.Engine:INSERT INTO tbl_resumen_cine (provincia, "Butacas", "Pantallas", "espacio_INCAA") VALUES (%(provincia)s, %(Butacas)s, %(Pantallas)s, %(espacio_INCAA)s)
INFO:sqlalchemy.engine.Engine:[generated in 0.00118s] ({'provincia': 'Buenos Aires', 'Butacas': 93112, 'Pantallas': 358, 'espacio_INCAA': 20.0}, {'provincia': 'Catamarca', 'Butacas': 3200, 'Pantallas': 12, 'espacio_INCAA': 1.0}, {'provincia': 'Chaco', 'Butacas': 2469, 'Pantallas': 14, 'espacio_INCAA': 1.0}, {'provincia': 'Chubut', 'Butacas': 2682, 'Pantallas': 10, 'espacio_INCAA': 4.0}, {'provincia': 'Ciudad Autónoma de Buenos Aires', 'Butacas': 31386, 'Pantallas': 153, 'espacio_INCAA': 3.0}, {'provincia': 'Corrientes', 'Butacas': 3370, 'Pantallas': 17, 'espacio_INCAA': 1.0}, {'provincia': 'Córdoba', 'Butacas': 20799, 'Pantallas': 105, 'espacio_INCAA': 2.0}, {'provincia': 'Entre Ríos', 'Butacas': 4086, 'Pantallas': 17, 'espacio_INCAA': 2.0}  ... displaying 10 of 24 total bound parameter sets ...  {'provincia': 'Tierra del Fuego', 'Butacas': 1445, 'Pantallas': 6, 'espacio_INCAA': 0.0}, {'provincia': 'Tucumán', 'Butacas': 5161, 'Pantallas': 24, 'espacio_INCAA': 2.0})
INFO:sqlalchemy.engine.Engine:COMMIT
